# JRE version: OpenJDK Runtime Environment (17.0.11) (build 17.0.11+0--11852314)
# Java VM: OpenJDK 64-Bit Server VM (17.0.11+0--11852314, mixed mode, tiered, compressed oops, compressed class ptrs, g1 gc, windows-amd64)
GC Precious Log:
 CPUs: 12 total, 12 available
 Memory: 7598M
 Large Page Support: Disabled
 NUMA Support: Disabled
 Compressed Oops: Enabled (32-bit)
 Heap Region Size: 1M
 Heap Min Capacity: 8M
 Heap Initial Capacity: 120M
 Heap Max Capacity: 2G
 Pre-touch: Disabled
 Parallel Workers: 10
 Concurrent Workers: 3
 Concurrent Refinement Workers: 10
 Periodic GC: Disabled
Heap:
 garbage-first heap   total 343040K, used 158846K [0x0000000080000000, 0x0000000100000000)
  region size 1024K, 2 young (2048K), 2 survivors (2048K)
 Metaspace       used 127988K, committed 128832K, reserved 1179648K
  class space    used 18596K, committed 19008K, reserved 1048576K
GC Heap History (20 events):
Event: 24.177 GC heap after
{Heap after GC invocations=48 (full 0):
 garbage-first heap   total 223232K, used 126874K [0x0000000080000000, 0x0000000100000000)
  region size 1024K, 6 young (6144K), 6 survivors (6144K)
 Metaspace       used 109288K, committed 110080K, reserved 1179648K
  class space    used 15021K, committed 15424K, reserved 1048576K
}
Event: 24.758 GC heap before
{Heap before GC invocations=48 (full 0):
 garbage-first heap   total 223232K, used 183194K [0x0000000080000000, 0x0000000100000000)
  region size 1024K, 62 young (63488K), 6 survivors (6144K)
 Metaspace       used 113094K, committed 113920K, reserved 1179648K
  class space    used 15674K, committed 16064K, reserved 1048576K
}
Event: 24.768 GC heap after
{Heap after GC invocations=49 (full 0):
 garbage-first heap   total 223232K, used 133521K [0x0000000080000000, 0x0000000100000000)
  region size 1024K, 7 young (7168K), 7 survivors (7168K)
 Metaspace       used 113094K, committed 113920K, reserved 1179648K
  class space    used 15674K, committed 16064K, reserved 1048576K
}
Event: 25.118 GC heap before
{Heap before GC invocations=49 (full 0):
 garbage-first heap   total 223232K, used 183697K [0x0000000080000000, 0x0000000100000000)
  region size 1024K, 57 young (58368K), 7 survivors (7168K)
 Metaspace       used 116784K, committed 117632K, reserved 1179648K
  class space    used 16364K, committed 16768K, reserved 1048576K
}
Event: 25.130 GC heap after
{Heap after GC invocations=50 (full 0):
 garbage-first heap   total 223232K, used 139040K [0x0000000080000000, 0x0000000100000000)
  region size 1024K, 6 young (6144K), 6 survivors (6144K)
 Metaspace       used 116784K, committed 117632K, reserved 1179648K
  class space    used 16364K, committed 16768K, reserved 1048576K
}
Event: 25.496 GC heap before
{Heap before GC invocations=50 (full 0):
 garbage-first heap   total 223232K, used 185120K [0x0000000080000000, 0x0000000100000000)
  region size 1024K, 52 young (53248K), 6 survivors (6144K)
 Metaspace       used 120162K, committed 121024K, reserved 1179648K
  class space    used 17158K, committed 17600K, reserved 1048576K
}
Event: 25.506 GC heap after
{Heap after GC invocations=51 (full 0):
 garbage-first heap   total 223232K, used 143003K [0x0000000080000000, 0x0000000100000000)
  region size 1024K, 5 young (5120K), 5 survivors (5120K)
 Metaspace       used 120162K, committed 121024K, reserved 1179648K
  class space    used 17158K, committed 17600K, reserved 1048576K
}
Event: 25.607 GC heap before
{Heap before GC invocations=51 (full 0):
 garbage-first heap   total 223232K, used 187035K [0x0000000080000000, 0x0000000100000000)
  region size 1024K, 48 young (49152K), 5 survivors (5120K)
 Metaspace       used 120969K, committed 121792K, reserved 1179648K
  class space    used 17334K, committed 17728K, reserved 1048576K
}
Event: 25.618 GC heap after
{Heap after GC invocations=52 (full 0):
 garbage-first heap   total 268288K, used 149822K [0x0000000080000000, 0x0000000100000000)
  region size 1024K, 6 young (6144K), 6 survivors (6144K)
 Metaspace       used 120969K, committed 121792K, reserved 1179648K
  class space    used 17334K, committed 17728K, reserved 1048576K
}
Event: 25.882 GC heap before
{Heap before GC invocations=52 (full 0):
 garbage-first heap   total 268288K, used 171326K [0x0000000080000000, 0x0000000100000000)
  region size 1024K, 29 young (29696K), 6 survivors (6144K)
 Metaspace       used 122980K, committed 123840K, reserved 1179648K
  class space    used 17680K, committed 18112K, reserved 1048576K
}
Event: 25.891 GC heap after
{Heap after GC invocations=53 (full 0):
 garbage-first heap   total 268288K, used 152720K [0x0000000080000000, 0x0000000100000000)
  region size 1024K, 3 young (3072K), 3 survivors (3072K)
 Metaspace       used 122980K, committed 123840K, reserved 1179648K
  class space    used 17680K, committed 18112K, reserved 1048576K
}
Event: 26.432 GC heap before
{Heap before GC invocations=54 (full 0):
 garbage-first heap   total 280576K, used 217232K [0x0000000080000000, 0x0000000100000000)
  region size 1024K, 67 young (68608K), 3 survivors (3072K)
 Metaspace       used 126812K, committed 127680K, reserved 1179648K
  class space    used 18444K, committed 18880K, reserved 1048576K
}
Event: 26.443 GC heap after
{Heap after GC invocations=55 (full 0):
 garbage-first heap   total 280576K, used 159199K [0x0000000080000000, 0x0000000100000000)
  region size 1024K, 9 young (9216K), 9 survivors (9216K)
 Metaspace       used 126812K, committed 127680K, reserved 1179648K
  class space    used 18444K, committed 18880K, reserved 1048576K
}
Event: 26.459 GC heap before
{Heap before GC invocations=55 (full 0):
 garbage-first heap   total 280576K, used 163295K [0x0000000080000000, 0x0000000100000000)
  region size 1024K, 13 young (13312K), 9 survivors (9216K)
 Metaspace       used 126857K, committed 127680K, reserved 1179648K
  class space    used 18448K, committed 18880K, reserved 1048576K
}
Event: 26.466 GC heap after
{Heap after GC invocations=56 (full 0):
 garbage-first heap   total 280576K, used 157965K [0x0000000080000000, 0x0000000100000000)
  region size 1024K, 2 young (2048K), 2 survivors (2048K)
 Metaspace       used 126857K, committed 127680K, reserved 1179648K
  class space    used 18448K, committed 18880K, reserved 1048576K
}
Event: 26.737 GC heap before
{Heap before GC invocations=56 (full 0):
 garbage-first heap   total 280576K, used 228621K [0x0000000080000000, 0x0000000100000000)
  region size 1024K, 71 young (72704K), 2 survivors (2048K)
 Metaspace       used 127815K, committed 128640K, reserved 1179648K
  class space    used 18610K, committed 19008K, reserved 1048576K
}
Event: 26.742 GC heap after
{Heap after GC invocations=57 (full 0):
 garbage-first heap   total 280576K, used 159537K [0x0000000080000000, 0x0000000100000000)
  region size 1024K, 3 young (3072K), 3 survivors (3072K)
 Metaspace       used 127815K, committed 128640K, reserved 1179648K
  class space    used 18610K, committed 19008K, reserved 1048576K
}
Event: 27.051 GC heap before
{Heap before GC invocations=58 (full 0):
 garbage-first heap   total 343040K, used 227121K [0x0000000080000000, 0x0000000100000000)
  region size 1024K, 69 young (70656K), 3 survivors (3072K)
 Metaspace       used 127988K, committed 128832K, reserved 1179648K
  class space    used 18596K, committed 19008K, reserved 1048576K
}
Event: 27.077 GC heap after
{Heap after GC invocations=59 (full 0):
 garbage-first heap   total 343040K, used 161005K [0x0000000080000000, 0x0000000100000000)
  region size 1024K, 5 young (5120K), 5 survivors (5120K)
 Metaspace       used 127988K, committed 128832K, reserved 1179648K
  class space    used 18596K, committed 19008K, reserved 1048576K
}
Event: 27.103 GC heap before
{Heap before GC invocations=59 (full 0):
 garbage-first heap   total 343040K, used 171245K [0x0000000080000000, 0x0000000100000000)
  region size 1024K, 16 young (16384K), 5 survivors (5120K)
 Metaspace       used 127988K, committed 128832K, reserved 1179648K
  class space    used 18596K, committed 19008K, reserved 1048576K
}

